<?xml version="1.0" encoding="UTF-8"?>
<testsuite xmlns:xsi="http://www.w3.org/2001/XMLSchema-instance" xsi:noNamespaceSchemaLocation="https://maven.apache.org/surefire/maven-surefire-plugin/xsd/surefire-test-report-3.0.xsd" version="3.0" name="squash.tfauto.RepeatedCalculatorTest" time="0.034" tests="12" errors="0" skipped="0" failures="6">
  <properties>
    <property name="sun.desktop" value="windows"/>
    <property name="awt.toolkit" value="sun.awt.windows.WToolkit"/>
    <property name="java.specification.version" value="11"/>
    <property name="sun.cpu.isalist" value="amd64"/>
    <property name="sun.jnu.encoding" value="Cp1252"/>
    <property name="java.class.path" value="C:\Users\vvenom\Squash\tru3v0r\JupiterAnalysis\target\test-classes;C:\Users\vvenom\Squash\tru3v0r\JupiterAnalysis\target\classes;C:\Users\vvenom\.m2\repository\org\apache\maven\plugins\maven-surefire-plugin\3.0.0-M7\maven-surefire-plugin-3.0.0-M7.jar;C:\Users\vvenom\.m2\repository\org\apache\maven\surefire\maven-surefire-common\3.0.0-M7\maven-surefire-common-3.0.0-M7.jar;C:\Users\vvenom\.m2\repository\org\apache\maven\surefire\surefire-api\3.0.0-M7\surefire-api-3.0.0-M7.jar;C:\Users\vvenom\.m2\repository\org\apache\maven\surefire\surefire-logger-api\3.0.0-M7\surefire-logger-api-3.0.0-M7.jar;C:\Users\vvenom\.m2\repository\org\apache\maven\surefire\surefire-extensions-api\3.0.0-M7\surefire-extensions-api-3.0.0-M7.jar;C:\Users\vvenom\.m2\repository\org\apache\maven\surefire\surefire-booter\3.0.0-M7\surefire-booter-3.0.0-M7.jar;C:\Users\vvenom\.m2\repository\org\apache\maven\surefire\surefire-extensions-spi\3.0.0-M7\surefire-extensions-spi-3.0.0-M7.jar;C:\Users\vvenom\.m2\repository\org\apache\maven\shared\maven-common-artifact-filters\3.1.1\maven-common-artifact-filters-3.1.1.jar;C:\Users\vvenom\.m2\repository\org\apache\maven\maven-artifact\3.1.0\maven-artifact-3.1.0.jar;C:\Users\vvenom\.m2\repository\org\codehaus\plexus\plexus-utils\3.0.10\plexus-utils-3.0.10.jar;C:\Users\vvenom\.m2\repository\org\apache\maven\maven-core\3.1.0\maven-core-3.1.0.jar;C:\Users\vvenom\.m2\repository\org\apache\maven\maven-settings\3.1.0\maven-settings-3.1.0.jar;C:\Users\vvenom\.m2\repository\org\apache\maven\maven-settings-builder\3.1.0\maven-settings-builder-3.1.0.jar;C:\Users\vvenom\.m2\repository\org\apache\maven\maven-repository-metadata\3.1.0\maven-repository-metadata-3.1.0.jar;C:\Users\vvenom\.m2\repository\org\apache\maven\maven-model-builder\3.1.0\maven-model-builder-3.1.0.jar;C:\Users\vvenom\.m2\repository\org\apache\maven\maven-aether-provider\3.1.0\maven-aether-provider-3.1.0.jar;C:\Users\vvenom\.m2\repository\org\eclipse\aether\aether-spi\0.9.0.M2\aether-spi-0.9.0.M2.jar;C:\Users\vvenom\.m2\repository\org\eclipse\aether\aether-impl\0.9.0.M2\aether-impl-0.9.0.M2.jar;C:\Users\vvenom\.m2\repository\org\eclipse\aether\aether-api\0.9.0.M2\aether-api-0.9.0.M2.jar;C:\Users\vvenom\.m2\repository\org\eclipse\aether\aether-util\0.9.0.M2\aether-util-0.9.0.M2.jar;C:\Users\vvenom\.m2\repository\org\eclipse\sisu\org.eclipse.sisu.plexus\0.0.0.M2a\org.eclipse.sisu.plexus-0.0.0.M2a.jar;C:\Users\vvenom\.m2\repository\javax\enterprise\cdi-api\1.0\cdi-api-1.0.jar;C:\Users\vvenom\.m2\repository\javax\annotation\jsr250-api\1.0\jsr250-api-1.0.jar;C:\Users\vvenom\.m2\repository\javax\inject\javax.inject\1\javax.inject-1.jar;C:\Users\vvenom\.m2\repository\com\google\guava\guava\10.0.1\guava-10.0.1.jar;C:\Users\vvenom\.m2\repository\com\google\code\findbugs\jsr305\1.3.9\jsr305-1.3.9.jar;C:\Users\vvenom\.m2\repository\org\sonatype\sisu\sisu-guice\3.1.0\sisu-guice-3.1.0-no_aop.jar;C:\Users\vvenom\.m2\repository\aopalliance\aopalliance\1.0\aopalliance-1.0.jar;C:\Users\vvenom\.m2\repository\org\eclipse\sisu\org.eclipse.sisu.inject\0.0.0.M2a\org.eclipse.sisu.inject-0.0.0.M2a.jar;C:\Users\vvenom\.m2\repository\asm\asm\3.3.1\asm-3.3.1.jar;C:\Users\vvenom\.m2\repository\org\codehaus\plexus\plexus-interpolation\1.16\plexus-interpolation-1.16.jar;C:\Users\vvenom\.m2\repository\org\codehaus\plexus\plexus-classworlds\2.4.2\plexus-classworlds-2.4.2.jar;C:\Users\vvenom\.m2\repository\org\codehaus\plexus\plexus-component-annotations\1.5.5\plexus-component-annotations-1.5.5.jar;C:\Users\vvenom\.m2\repository\org\sonatype\plexus\plexus-sec-dispatcher\1.3\plexus-sec-dispatcher-1.3.jar;C:\Users\vvenom\.m2\repository\org\sonatype\plexus\plexus-cipher\1.4\plexus-cipher-1.4.jar;C:\Users\vvenom\.m2\repository\org\apache\maven\maven-plugin-api\3.1.0\maven-plugin-api-3.1.0.jar;C:\Users\vvenom\.m2\repository\commons-io\commons-io\2.6\commons-io-2.6.jar;C:\Users\vvenom\.m2\repository\org\codehaus\plexus\plexus-java\1.1.1\plexus-java-1.1.1.jar;C:\Users\vvenom\.m2\repository\org\ow2\asm\asm\9.2\asm-9.2.jar;C:\Users\vvenom\.m2\repository\com\thoughtworks\qdox\qdox\2.0.1\qdox-2.0.1.jar;C:\Users\vvenom\.m2\repository\org\apache\maven\surefire\surefire-shared-utils\3.0.0-M7\surefire-shared-utils-3.0.0-M7.jar;C:\Users\vvenom\.m2\repository\org\junit\jupiter\junit-jupiter-api\5.8.2\junit-jupiter-api-5.8.2.jar;C:\Users\vvenom\.m2\repository\org\opentest4j\opentest4j\1.2.0\opentest4j-1.2.0.jar;C:\Users\vvenom\.m2\repository\org\junit\platform\junit-platform-commons\1.8.2\junit-platform-commons-1.8.2.jar;C:\Users\vvenom\.m2\repository\org\apiguardian\apiguardian-api\1.1.2\apiguardian-api-1.1.2.jar;C:\Users\vvenom\.m2\repository\org\junit\jupiter\junit-jupiter-engine\5.8.2\junit-jupiter-engine-5.8.2.jar;C:\Users\vvenom\.m2\repository\org\junit\platform\junit-platform-engine\1.8.2\junit-platform-engine-1.8.2.jar;C:\Users\vvenom\.m2\repository\org\junit\jupiter\junit-jupiter-params\5.8.2\junit-jupiter-params-5.8.2.jar;C:\Users\vvenom\.m2\repository\junit\junit\4.13.2\junit-4.13.2.jar;C:\Users\vvenom\.m2\repository\org\hamcrest\hamcrest-core\1.3\hamcrest-core-1.3.jar;C:\Users\vvenom\.m2\repository\org\junit\jupiter\junit-jupiter\5.9.0-M1\junit-jupiter-5.9.0-M1.jar;"/>
    <property name="java.vm.vendor" value="Oracle Corporation"/>
    <property name="sun.arch.data.model" value="64"/>
    <property name="user.variant" value=""/>
    <property name="java.vendor.url" value="https://openjdk.java.net/"/>
    <property name="user.timezone" value="Europe/Paris"/>
    <property name="java.vm.specification.version" value="11"/>
    <property name="os.name" value="Windows 10"/>
    <property name="sun.java.launcher" value="SUN_STANDARD"/>
    <property name="user.country" value="US"/>
    <property name="sun.boot.library.path" value="C:\Program Files\Java\jdk-11.0.13\bin"/>
    <property name="sun.java.command" value="C:\Users\vvenom\AppData\Local\Temp\surefire14889885705680731625\surefirebooter17099067070208469480.jar C:\Users\vvenom\AppData\Local\Temp\surefire14889885705680731625 2022-06-15T16-03-34_917-jvmRun1 surefire12121935141187135513tmp surefire_02495719940757390548tmp"/>
    <property name="jdk.debug" value="release"/>
    <property name="surefire.test.class.path" value="C:\Users\vvenom\Squash\tru3v0r\JupiterAnalysis\target\test-classes;C:\Users\vvenom\Squash\tru3v0r\JupiterAnalysis\target\classes;C:\Users\vvenom\.m2\repository\org\apache\maven\plugins\maven-surefire-plugin\3.0.0-M7\maven-surefire-plugin-3.0.0-M7.jar;C:\Users\vvenom\.m2\repository\org\apache\maven\surefire\maven-surefire-common\3.0.0-M7\maven-surefire-common-3.0.0-M7.jar;C:\Users\vvenom\.m2\repository\org\apache\maven\surefire\surefire-api\3.0.0-M7\surefire-api-3.0.0-M7.jar;C:\Users\vvenom\.m2\repository\org\apache\maven\surefire\surefire-logger-api\3.0.0-M7\surefire-logger-api-3.0.0-M7.jar;C:\Users\vvenom\.m2\repository\org\apache\maven\surefire\surefire-extensions-api\3.0.0-M7\surefire-extensions-api-3.0.0-M7.jar;C:\Users\vvenom\.m2\repository\org\apache\maven\surefire\surefire-booter\3.0.0-M7\surefire-booter-3.0.0-M7.jar;C:\Users\vvenom\.m2\repository\org\apache\maven\surefire\surefire-extensions-spi\3.0.0-M7\surefire-extensions-spi-3.0.0-M7.jar;C:\Users\vvenom\.m2\repository\org\apache\maven\shared\maven-common-artifact-filters\3.1.1\maven-common-artifact-filters-3.1.1.jar;C:\Users\vvenom\.m2\repository\org\apache\maven\maven-artifact\3.1.0\maven-artifact-3.1.0.jar;C:\Users\vvenom\.m2\repository\org\codehaus\plexus\plexus-utils\3.0.10\plexus-utils-3.0.10.jar;C:\Users\vvenom\.m2\repository\org\apache\maven\maven-core\3.1.0\maven-core-3.1.0.jar;C:\Users\vvenom\.m2\repository\org\apache\maven\maven-settings\3.1.0\maven-settings-3.1.0.jar;C:\Users\vvenom\.m2\repository\org\apache\maven\maven-settings-builder\3.1.0\maven-settings-builder-3.1.0.jar;C:\Users\vvenom\.m2\repository\org\apache\maven\maven-repository-metadata\3.1.0\maven-repository-metadata-3.1.0.jar;C:\Users\vvenom\.m2\repository\org\apache\maven\maven-model-builder\3.1.0\maven-model-builder-3.1.0.jar;C:\Users\vvenom\.m2\repository\org\apache\maven\maven-aether-provider\3.1.0\maven-aether-provider-3.1.0.jar;C:\Users\vvenom\.m2\repository\org\eclipse\aether\aether-spi\0.9.0.M2\aether-spi-0.9.0.M2.jar;C:\Users\vvenom\.m2\repository\org\eclipse\aether\aether-impl\0.9.0.M2\aether-impl-0.9.0.M2.jar;C:\Users\vvenom\.m2\repository\org\eclipse\aether\aether-api\0.9.0.M2\aether-api-0.9.0.M2.jar;C:\Users\vvenom\.m2\repository\org\eclipse\aether\aether-util\0.9.0.M2\aether-util-0.9.0.M2.jar;C:\Users\vvenom\.m2\repository\org\eclipse\sisu\org.eclipse.sisu.plexus\0.0.0.M2a\org.eclipse.sisu.plexus-0.0.0.M2a.jar;C:\Users\vvenom\.m2\repository\javax\enterprise\cdi-api\1.0\cdi-api-1.0.jar;C:\Users\vvenom\.m2\repository\javax\annotation\jsr250-api\1.0\jsr250-api-1.0.jar;C:\Users\vvenom\.m2\repository\javax\inject\javax.inject\1\javax.inject-1.jar;C:\Users\vvenom\.m2\repository\com\google\guava\guava\10.0.1\guava-10.0.1.jar;C:\Users\vvenom\.m2\repository\com\google\code\findbugs\jsr305\1.3.9\jsr305-1.3.9.jar;C:\Users\vvenom\.m2\repository\org\sonatype\sisu\sisu-guice\3.1.0\sisu-guice-3.1.0-no_aop.jar;C:\Users\vvenom\.m2\repository\aopalliance\aopalliance\1.0\aopalliance-1.0.jar;C:\Users\vvenom\.m2\repository\org\eclipse\sisu\org.eclipse.sisu.inject\0.0.0.M2a\org.eclipse.sisu.inject-0.0.0.M2a.jar;C:\Users\vvenom\.m2\repository\asm\asm\3.3.1\asm-3.3.1.jar;C:\Users\vvenom\.m2\repository\org\codehaus\plexus\plexus-interpolation\1.16\plexus-interpolation-1.16.jar;C:\Users\vvenom\.m2\repository\org\codehaus\plexus\plexus-classworlds\2.4.2\plexus-classworlds-2.4.2.jar;C:\Users\vvenom\.m2\repository\org\codehaus\plexus\plexus-component-annotations\1.5.5\plexus-component-annotations-1.5.5.jar;C:\Users\vvenom\.m2\repository\org\sonatype\plexus\plexus-sec-dispatcher\1.3\plexus-sec-dispatcher-1.3.jar;C:\Users\vvenom\.m2\repository\org\sonatype\plexus\plexus-cipher\1.4\plexus-cipher-1.4.jar;C:\Users\vvenom\.m2\repository\org\apache\maven\maven-plugin-api\3.1.0\maven-plugin-api-3.1.0.jar;C:\Users\vvenom\.m2\repository\commons-io\commons-io\2.6\commons-io-2.6.jar;C:\Users\vvenom\.m2\repository\org\codehaus\plexus\plexus-java\1.1.1\plexus-java-1.1.1.jar;C:\Users\vvenom\.m2\repository\org\ow2\asm\asm\9.2\asm-9.2.jar;C:\Users\vvenom\.m2\repository\com\thoughtworks\qdox\qdox\2.0.1\qdox-2.0.1.jar;C:\Users\vvenom\.m2\repository\org\apache\maven\surefire\surefire-shared-utils\3.0.0-M7\surefire-shared-utils-3.0.0-M7.jar;C:\Users\vvenom\.m2\repository\org\junit\jupiter\junit-jupiter-api\5.8.2\junit-jupiter-api-5.8.2.jar;C:\Users\vvenom\.m2\repository\org\opentest4j\opentest4j\1.2.0\opentest4j-1.2.0.jar;C:\Users\vvenom\.m2\repository\org\junit\platform\junit-platform-commons\1.8.2\junit-platform-commons-1.8.2.jar;C:\Users\vvenom\.m2\repository\org\apiguardian\apiguardian-api\1.1.2\apiguardian-api-1.1.2.jar;C:\Users\vvenom\.m2\repository\org\junit\jupiter\junit-jupiter-engine\5.8.2\junit-jupiter-engine-5.8.2.jar;C:\Users\vvenom\.m2\repository\org\junit\platform\junit-platform-engine\1.8.2\junit-platform-engine-1.8.2.jar;C:\Users\vvenom\.m2\repository\org\junit\jupiter\junit-jupiter-params\5.8.2\junit-jupiter-params-5.8.2.jar;C:\Users\vvenom\.m2\repository\junit\junit\4.13.2\junit-4.13.2.jar;C:\Users\vvenom\.m2\repository\org\hamcrest\hamcrest-core\1.3\hamcrest-core-1.3.jar;C:\Users\vvenom\.m2\repository\org\junit\jupiter\junit-jupiter\5.9.0-M1\junit-jupiter-5.9.0-M1.jar;"/>
    <property name="sun.cpu.endian" value="little"/>
    <property name="user.home" value="C:\Users\vvenom"/>
    <property name="user.language" value="en"/>
    <property name="java.specification.vendor" value="Oracle Corporation"/>
    <property name="java.version.date" value="2021-10-19"/>
    <property name="java.home" value="C:\Program Files\Java\jdk-11.0.13"/>
    <property name="file.separator" value="\"/>
    <property name="basedir" value="C:\Users\vvenom\Squash\tru3v0r\JupiterAnalysis"/>
    <property name="java.vm.compressedOopsMode" value="Zero based"/>
    <property name="line.separator" value="&#10;"/>
    <property name="java.specification.name" value="Java Platform API Specification"/>
    <property name="java.vm.specification.vendor" value="Oracle Corporation"/>
    <property name="java.awt.graphicsenv" value="sun.awt.Win32GraphicsEnvironment"/>
    <property name="surefire.real.class.path" value="C:\Users\vvenom\AppData\Local\Temp\surefire14889885705680731625\surefirebooter17099067070208469480.jar"/>
    <property name="user.script" value=""/>
    <property name="sun.management.compiler" value="HotSpot 64-Bit Tiered Compilers"/>
    <property name="java.runtime.version" value="11.0.13+10-LTS-370"/>
    <property name="user.name" value="vvenom"/>
    <property name="path.separator" value=";"/>
    <property name="os.version" value="10.0"/>
    <property name="java.runtime.name" value="Java(TM) SE Runtime Environment"/>
    <property name="file.encoding" value="Cp1252"/>
    <property name="java.vm.name" value="Java HotSpot(TM) 64-Bit Server VM"/>
    <property name="java.vendor.version" value="18.9"/>
    <property name="localRepository" value="C:\Users\vvenom\.m2\repository"/>
    <property name="java.vendor.url.bug" value="https://bugreport.java.com/bugreport/"/>
    <property name="java.io.tmpdir" value="C:\Users\vvenom\AppData\Local\Temp\"/>
    <property name="java.version" value="11.0.13"/>
    <property name="user.dir" value="C:\Users\vvenom\Squash\tru3v0r\JupiterAnalysis"/>
    <property name="os.arch" value="amd64"/>
    <property name="java.vm.specification.name" value="Java Virtual Machine Specification"/>
    <property name="java.awt.printerjob" value="sun.awt.windows.WPrinterJob"/>
    <property name="sun.os.patch.level" value=""/>
    <property name="java.library.path" value="C:\Program Files\Java\jdk-11.0.13\bin;C:\windows\Sun\Java\bin;C:\windows\system32;C:\windows;C:\windows\system32;C:\windows;C:\windows\System32\Wbem;C:\windows\System32\WindowsPowerShell\v1.0\;C:\windows\System32\OpenSSH\;C:\ProgramData\chocolatey\bin;C:\Program Files (x86)\GNU\GnuPG\pub;C:\Program Files\Java\plugins\apache-maven-3.8.2\bin;C:\Program Files\OpenSSL-Win64\bin;C:\Program Files\PuTTY\;C:\Program Files\Java\jdk-11.0.13\bin;C:\Users\vvenom\dos2unix-7.4.2-win64\bin;C:\Users\vvenom\AppData\Local\Programs\Python\Python38;C:\Program Files\PostgreSQL\10\bin;C:\Program Files\nodejs\;C:\Program Files\dotnet\;C:\Program Files (x86)\Micro Focus\Unified Functional Testing\bin;C:\Users\vvenom\allure-2.18.0\bin;C:\Ruby27-x64\bin;C:\Users\vvenom\AppData\Local\Programs\Python\Python38\Scripts\;C:\Users\vvenom\AppData\Local\Programs\Python\Python38\;C:\Users\vvenom\AppData\Local\Programs\Python\Python39\Scripts\;C:\Users\vvenom\AppData\Local\Programs\Python\Python39\;C:\Users\vvenom\AppData\Local\Microsoft\WindowsApps;C:\Users\vvenom\AppData\Local\Programs\Microsoft VS Code\bin;C:\Users\vvenom\AppData\Local\Programs\Git\cmd;C:\Users\vvenom\AppData\Roaming\npm;."/>
    <property name="java.vendor" value="Oracle Corporation"/>
    <property name="java.vm.info" value="mixed mode"/>
    <property name="java.vm.version" value="11.0.13+10-LTS-370"/>
    <property name="sun.io.unicode.encoding" value="UnicodeLittle"/>
    <property name="java.class.version" value="55.0"/>
  </properties>
  <testcase name="RepeatedAdditionSuccess(RepetitionInfo)[1]" classname="squash.tfauto.RepeatedCalculatorTest" time="0.01"/>
  <testcase name="RepeatedAdditionSuccess(RepetitionInfo)[2]" classname="squash.tfauto.RepeatedCalculatorTest" time="0.001"/>
  <testcase name="RepeatedAdditionSuccess(RepetitionInfo)[3]" classname="squash.tfauto.RepeatedCalculatorTest" time="0"/>
  <testcase name="RepeatedAdditionFailure(RepetitionInfo)[1]" classname="squash.tfauto.RepeatedCalculatorTest" time="0.001">
    <failure type="org.opentest4j.AssertionFailedError"><![CDATA[org.opentest4j.AssertionFailedError: Le résultat ducalcul1/3 est incorrect. 5 + 8 n'est pas égal à 17 ==> expected: <true> but was: <false>
	at squash.tfauto.RepeatedCalculatorTest.RepeatedAdditionFailure(RepeatedCalculatorTest.java:22)
]]></failure>
  </testcase>
  <testcase name="RepeatedAdditionFailure(RepetitionInfo)[2]" classname="squash.tfauto.RepeatedCalculatorTest" time="0.001">
    <failure type="org.opentest4j.AssertionFailedError"><![CDATA[org.opentest4j.AssertionFailedError: Le résultat ducalcul2/3 est incorrect. 5 + 8 n'est pas égal à 17 ==> expected: <true> but was: <false>
	at squash.tfauto.RepeatedCalculatorTest.RepeatedAdditionFailure(RepeatedCalculatorTest.java:22)
]]></failure>
  </testcase>
  <testcase name="RepeatedAdditionFailure(RepetitionInfo)[3]" classname="squash.tfauto.RepeatedCalculatorTest" time="0">
    <failure type="org.opentest4j.AssertionFailedError"><![CDATA[org.opentest4j.AssertionFailedError: Le résultat ducalcul3/3 est incorrect. 5 + 8 n'est pas égal à 17 ==> expected: <true> but was: <false>
	at squash.tfauto.RepeatedCalculatorTest.RepeatedAdditionFailure(RepeatedCalculatorTest.java:22)
]]></failure>
  </testcase>
  <testcase name="repeatedMultiplicationSuccess(RepetitionInfo)[1]" classname="squash.tfauto.RepeatedCalculatorTest" time="0.001"/>
  <testcase name="repeatedMultiplicationSuccess(RepetitionInfo)[2]" classname="squash.tfauto.RepeatedCalculatorTest" time="0"/>
  <testcase name="repeatedMultiplicationSuccess(RepetitionInfo)[3]" classname="squash.tfauto.RepeatedCalculatorTest" time="0"/>
  <testcase name="repeatedMultiplicationFailure(RepetitionInfo)[1]" classname="squash.tfauto.RepeatedCalculatorTest" time="0.002">
    <failure type="org.opentest4j.AssertionFailedError"><![CDATA[org.opentest4j.AssertionFailedError: Le résultat ducalcul1/3 est incorrect. 2 * 4 n'est pas égal à 6 ==> expected: <true> but was: <false>
	at squash.tfauto.RepeatedCalculatorTest.repeatedMultiplicationFailure(RepeatedCalculatorTest.java:42)
]]></failure>
  </testcase>
  <testcase name="repeatedMultiplicationFailure(RepetitionInfo)[2]" classname="squash.tfauto.RepeatedCalculatorTest" time="0">
    <failure type="org.opentest4j.AssertionFailedError"><![CDATA[org.opentest4j.AssertionFailedError: Le résultat ducalcul2/3 est incorrect. 2 * 4 n'est pas égal à 6 ==> expected: <true> but was: <false>
	at squash.tfauto.RepeatedCalculatorTest.repeatedMultiplicationFailure(RepeatedCalculatorTest.java:42)
]]></failure>
  </testcase>
  <testcase name="repeatedMultiplicationFailure(RepetitionInfo)[3]" classname="squash.tfauto.RepeatedCalculatorTest" time="0.001">
    <failure type="org.opentest4j.AssertionFailedError"><![CDATA[org.opentest4j.AssertionFailedError: Le résultat ducalcul3/3 est incorrect. 2 * 4 n'est pas égal à 6 ==> expected: <true> but was: <false>
	at squash.tfauto.RepeatedCalculatorTest.repeatedMultiplicationFailure(RepeatedCalculatorTest.java:42)
]]></failure>
  </testcase>
</testsuite>